<?xml version="1.0" encoding="UTF-8"?>
<!-- Generated by org.testng.reporters.JUnitXMLReporter -->
<testsuite ignored="1" hostname="HKs-Dell" failures="0" tests="2" name="Default test" time="38.462" errors="0" timestamp="2023-05-29T11:53:32 IST">
  <testcase classname="hariKrishna.tests.ErrorValidations" name="loginValidation" time="1.155"/>
  <testcase classname="hariKrishna.tests.ErrorValidations" name="loginValidation" time="1.131"/>
  <testcase classname="hariKrishna.tests.ErrorValidations" name="submitOrder" time="0.0">
    <ignored/>
  </testcase> <!-- submitOrder -->
</testsuite> <!-- Default test -->
