<?xml version="1.0" encoding="UTF-8"?>
<!-- Generated by org.testng.reporters.JUnitXMLReporter -->
<testsuite ignored="1" hostname="HKs-Dell" failures="0" tests="2" name="ErrorsValidation" time="33.391" errors="0" timestamp="2023-03-15T12:27:03 IST">
  <testcase classname="hariKrishna.tests.ErrorValidations" name="loginValidation" time="0.911"/>
  <testcase classname="hariKrishna.tests.ErrorValidations" name="loginValidation" time="0.696"/>
  <testcase classname="hariKrishna.tests.ErrorValidations" name="submitOrder" time="0.0">
    <ignored/>
  </testcase> <!-- submitOrder -->
</testsuite> <!-- ErrorsValidation -->
