<?xml version="1.0" encoding="UTF-8"?>
<!-- Generated by org.testng.reporters.JUnitXMLReporter -->
<testsuite ignored="1" hostname="HKs-Dell" failures="0" tests="4" name="Test" time="65.941" errors="0" timestamp="2023-03-14T12:30:55 IST">
  <testcase classname="hariKrishna.tests.ErrorValidations" name="loginValidation" time="1.028"/>
  <testcase classname="hariKrishna.tests.ErrorValidations" name="loginValidation" time="0.976"/>
  <testcase classname="hariKrishna.tests.StandaloneTest2" name="submitOrder" time="34.052"/>
  <testcase classname="hariKrishna.tests.StandaloneTest2" name="validCartItems" time="1.431"/>
  <testcase classname="hariKrishna.tests.ErrorValidations" name="submitOrder" time="0.0">
    <ignored/>
  </testcase> <!-- submitOrder -->
</testsuite> <!-- Test -->
